{"/home/tony/WebProgramming/MyProjects/HandyFunctions2.js/src/DateDifference.mjs": {"path":"/home/tony/WebProgramming/MyProjects/HandyFunctions2.js/src/DateDifference.mjs","statementMap":{"0":{"start":{"line":16,"column":19},"end":{"line":88,"column":1}},"1":{"start":{"line":23,"column":57},"end":{"line":23,"column":76}},"2":{"start":{"line":27,"column":2},"end":{"line":29,"column":3}},"3":{"start":{"line":28,"column":4},"end":{"line":28,"column":36}},"4":{"start":{"line":30,"column":2},"end":{"line":32,"column":3}},"5":{"start":{"line":31,"column":4},"end":{"line":31,"column":34}},"6":{"start":{"line":35,"column":2},"end":{"line":37,"column":3}},"7":{"start":{"line":36,"column":4},"end":{"line":36,"column":34}},"8":{"start":{"line":38,"column":2},"end":{"line":40,"column":3}},"9":{"start":{"line":39,"column":4},"end":{"line":39,"column":33}},"10":{"start":{"line":48,"column":25},"end":{"line":48,"column":35}},"11":{"start":{"line":49,"column":21},"end":{"line":49,"column":23}},"12":{"start":{"line":50,"column":22},"end":{"line":50,"column":52}},"13":{"start":{"line":51,"column":10},"end":{"line":51,"column":44}},"14":{"start":{"line":52,"column":10},"end":{"line":52,"column":34}},"15":{"start":{"line":53,"column":10},"end":{"line":53,"column":33}},"16":{"start":{"line":56,"column":2},"end":{"line":63,"column":3}},"17":{"start":{"line":57,"column":4},"end":{"line":59,"column":5}},"18":{"start":{"line":58,"column":6},"end":{"line":58,"column":54}},"19":{"start":{"line":62,"column":4},"end":{"line":62,"column":16}},"20":{"start":{"line":65,"column":2},"end":{"line":78,"column":3}},"21":{"start":{"line":66,"column":4},"end":{"line":72,"column":5}},"22":{"start":{"line":67,"column":6},"end":{"line":70,"column":7}},"23":{"start":{"line":69,"column":8},"end":{"line":69,"column":35}},"24":{"start":{"line":71,"column":6},"end":{"line":71,"column":57}},"25":{"start":{"line":75,"column":4},"end":{"line":75,"column":10}},"26":{"start":{"line":76,"column":4},"end":{"line":76,"column":48}},"27":{"start":{"line":77,"column":4},"end":{"line":77,"column":54}},"28":{"start":{"line":79,"column":2},"end":{"line":86,"column":3}},"29":{"start":{"line":80,"column":4},"end":{"line":85,"column":5}},"30":{"start":{"line":81,"column":6},"end":{"line":83,"column":7}},"31":{"start":{"line":82,"column":8},"end":{"line":82,"column":35}},"32":{"start":{"line":84,"column":6},"end":{"line":84,"column":53}},"33":{"start":{"line":87,"column":2},"end":{"line":87,"column":22}},"34":{"start":{"line":90,"column":0},"end":{"line":90,"column":56}}},"fnMap":{"0":{"name":"(anonymous_0)","decl":{"start":{"line":16,"column":19},"end":{"line":16,"column":20}},"loc":{"start":{"line":21,"column":5},"end":{"line":88,"column":1}},"line":21}},"branchMap":{"0":{"loc":{"start":{"line":18,"column":2},"end":{"line":18,"column":23}},"type":"default-arg","locations":[{"start":{"line":18,"column":13},"end":{"line":18,"column":23}}],"line":18},"1":{"loc":{"start":{"line":19,"column":2},"end":{"line":19,"column":15}},"type":"default-arg","locations":[{"start":{"line":19,"column":11},"end":{"line":19,"column":15}}],"line":19},"2":{"loc":{"start":{"line":20,"column":2},"end":{"line":20,"column":17}},"type":"default-arg","locations":[{"start":{"line":20,"column":13},"end":{"line":20,"column":17}}],"line":20},"3":{"loc":{"start":{"line":27,"column":2},"end":{"line":29,"column":3}},"type":"if","locations":[{"start":{"line":27,"column":2},"end":{"line":29,"column":3}},{"start":{"line":27,"column":2},"end":{"line":29,"column":3}}],"line":27},"4":{"loc":{"start":{"line":30,"column":2},"end":{"line":32,"column":3}},"type":"if","locations":[{"start":{"line":30,"column":2},"end":{"line":32,"column":3}},{"start":{"line":30,"column":2},"end":{"line":32,"column":3}}],"line":30},"5":{"loc":{"start":{"line":35,"column":2},"end":{"line":37,"column":3}},"type":"if","locations":[{"start":{"line":35,"column":2},"end":{"line":37,"column":3}},{"start":{"line":35,"column":2},"end":{"line":37,"column":3}}],"line":35},"6":{"loc":{"start":{"line":38,"column":2},"end":{"line":40,"column":3}},"type":"if","locations":[{"start":{"line":38,"column":2},"end":{"line":40,"column":3}},{"start":{"line":38,"column":2},"end":{"line":40,"column":3}}],"line":38},"7":{"loc":{"start":{"line":56,"column":2},"end":{"line":63,"column":3}},"type":"if","locations":[{"start":{"line":56,"column":2},"end":{"line":63,"column":3}},{"start":{"line":56,"column":2},"end":{"line":63,"column":3}}],"line":56},"8":{"loc":{"start":{"line":57,"column":4},"end":{"line":59,"column":5}},"type":"if","locations":[{"start":{"line":57,"column":4},"end":{"line":59,"column":5}},{"start":{"line":57,"column":4},"end":{"line":59,"column":5}}],"line":57},"9":{"loc":{"start":{"line":58,"column":29},"end":{"line":58,"column":51}},"type":"cond-expr","locations":[{"start":{"line":58,"column":39},"end":{"line":58,"column":43}},{"start":{"line":58,"column":46},"end":{"line":58,"column":51}}],"line":58},"10":{"loc":{"start":{"line":65,"column":2},"end":{"line":78,"column":3}},"type":"if","locations":[{"start":{"line":65,"column":2},"end":{"line":78,"column":3}},{"start":{"line":65,"column":2},"end":{"line":78,"column":3}}],"line":65},"11":{"loc":{"start":{"line":66,"column":4},"end":{"line":72,"column":5}},"type":"if","locations":[{"start":{"line":66,"column":4},"end":{"line":72,"column":5}},{"start":{"line":66,"column":4},"end":{"line":72,"column":5}}],"line":66},"12":{"loc":{"start":{"line":67,"column":6},"end":{"line":70,"column":7}},"type":"if","locations":[{"start":{"line":67,"column":6},"end":{"line":70,"column":7}},{"start":{"line":67,"column":6},"end":{"line":70,"column":7}}],"line":67},"13":{"loc":{"start":{"line":71,"column":30},"end":{"line":71,"column":54}},"type":"cond-expr","locations":[{"start":{"line":71,"column":40},"end":{"line":71,"column":45}},{"start":{"line":71,"column":48},"end":{"line":71,"column":54}}],"line":71},"14":{"loc":{"start":{"line":79,"column":2},"end":{"line":86,"column":3}},"type":"if","locations":[{"start":{"line":79,"column":2},"end":{"line":86,"column":3}},{"start":{"line":79,"column":2},"end":{"line":86,"column":3}}],"line":79},"15":{"loc":{"start":{"line":80,"column":4},"end":{"line":85,"column":5}},"type":"if","locations":[{"start":{"line":80,"column":4},"end":{"line":85,"column":5}},{"start":{"line":80,"column":4},"end":{"line":85,"column":5}}],"line":80},"16":{"loc":{"start":{"line":81,"column":6},"end":{"line":83,"column":7}},"type":"if","locations":[{"start":{"line":81,"column":6},"end":{"line":83,"column":7}},{"start":{"line":81,"column":6},"end":{"line":83,"column":7}}],"line":81},"17":{"loc":{"start":{"line":84,"column":30},"end":{"line":84,"column":50}},"type":"cond-expr","locations":[{"start":{"line":84,"column":40},"end":{"line":84,"column":43}},{"start":{"line":84,"column":46},"end":{"line":84,"column":50}}],"line":84}},"s":{"0":1,"1":5,"2":5,"3":5,"4":5,"5":0,"6":5,"7":5,"8":5,"9":0,"10":5,"11":5,"12":5,"13":5,"14":5,"15":5,"16":5,"17":4,"18":3,"19":1,"20":5,"21":4,"22":4,"23":3,"24":4,"25":1,"26":1,"27":1,"28":5,"29":5,"30":5,"31":4,"32":5,"33":5,"34":1},"f":{"0":5},"b":{"0":[0],"1":[0],"2":[0],"3":[5,0],"4":[0,5],"5":[5,0],"6":[0,5],"7":[4,1],"8":[3,1],"9":[3,0],"10":[4,1],"11":[4,0],"12":[3,1],"13":[0,4],"14":[5,0],"15":[5,0],"16":[4,1],"17":[1,4]},"_coverageSchema":"1a1c01bbd47fc00a2c39e90264f33305004495a9","hash":"4f327b3eae72734715fd0b89edd6d875ea7bc1da"}
,"/home/tony/WebProgramming/MyProjects/HandyFunctions2.js/src/languages.js": {"path":"/home/tony/WebProgramming/MyProjects/HandyFunctions2.js/src/languages.js","statementMap":{"0":{"start":{"line":1,"column":25},"end":{"line":32,"column":1}}},"fnMap":{},"branchMap":{},"s":{"0":1},"f":{},"b":{},"_coverageSchema":"1a1c01bbd47fc00a2c39e90264f33305004495a9","hash":"8054b80507ea3e7285314b21212db76dd8194210"}
}
