TN:
SF:src/DateDifference.mjs
FN:16,(anonymous_0)
FNF:1
FNH:1
FNDA:5,(anonymous_0)
DA:16,1
DA:23,5
DA:27,5
DA:28,5
DA:30,5
DA:31,0
DA:35,5
DA:36,5
DA:38,5
DA:39,0
DA:48,5
DA:49,5
DA:50,5
DA:51,5
DA:52,5
DA:53,5
DA:56,5
DA:57,4
DA:58,3
DA:62,1
DA:65,5
DA:66,4
DA:67,4
DA:69,3
DA:71,4
DA:75,1
DA:76,1
DA:77,1
DA:79,5
DA:80,5
DA:81,5
DA:82,4
DA:84,5
DA:87,5
DA:90,1
LF:35
LH:33
BRDA:18,0,0,0
BRDA:19,1,0,0
BRDA:20,2,0,0
BRDA:27,3,0,5
BRDA:27,3,1,0
BRDA:30,4,0,0
BRDA:30,4,1,5
BRDA:35,5,0,5
BRDA:35,5,1,0
BRDA:38,6,0,0
BRDA:38,6,1,5
BRDA:56,7,0,4
BRDA:56,7,1,1
BRDA:57,8,0,3
BRDA:57,8,1,1
BRDA:58,9,0,3
BRDA:58,9,1,0
BRDA:65,10,0,4
BRDA:65,10,1,1
BRDA:66,11,0,4
BRDA:66,11,1,0
BRDA:67,12,0,3
BRDA:67,12,1,1
BRDA:71,13,0,0
BRDA:71,13,1,4
BRDA:79,14,0,5
BRDA:79,14,1,0
BRDA:80,15,0,5
BRDA:80,15,1,0
BRDA:81,16,0,4
BRDA:81,16,1,1
BRDA:84,17,0,1
BRDA:84,17,1,4
BRF:33
BRH:21
end_of_record
TN:
SF:src/languages.js
FNF:0
FNH:0
DA:1,1
LF:1
LH:1
BRF:0
BRH:0
end_of_record
